Started GET "/" for 127.0.0.1 at 2018-07-24 13:16:37 -0400
Processing by ApplicationController#hello as HTML
  Rendering html template
  Rendered html template (0.1ms)
Completed 200 OK in 48ms (Views: 20.2ms | ActiveRecord: 0.0ms)


Started GET "/static_pages/home" for 127.0.0.1 at 2018-07-24 13:17:08 -0400
Processing by StaticPagesController#home as HTML
  Rendering static_pages/home.html.erb within layouts/application
  Rendered static_pages/home.html.erb within layouts/application (4.7ms)
Completed 200 OK in 1022ms (Views: 1018.9ms | ActiveRecord: 0.0ms)


Started GET "/static_pages" for 127.0.0.1 at 2018-07-24 13:17:20 -0400
  
ActionController::RoutingError (No route matches [GET] "/static_pages"):
  
actionpack (5.2.0) lib/action_dispatch/middleware/debug_exceptions.rb:65:in `call'
web-console (3.5.1) lib/web_console/middleware.rb:135:in `call_app'
web-console (3.5.1) lib/web_console/middleware.rb:28:in `block in call'
web-console (3.5.1) lib/web_console/middleware.rb:18:in `catch'
web-console (3.5.1) lib/web_console/middleware.rb:18:in `call'
actionpack (5.2.0) lib/action_dispatch/middleware/show_exceptions.rb:33:in `call'
railties (5.2.0) lib/rails/rack/logger.rb:38:in `call_app'
railties (5.2.0) lib/rails/rack/logger.rb:26:in `block in call'
activesupport (5.2.0) lib/active_support/tagged_logging.rb:71:in `block in tagged'
activesupport (5.2.0) lib/active_support/tagged_logging.rb:28:in `tagged'
activesupport (5.2.0) lib/active_support/tagged_logging.rb:71:in `tagged'
railties (5.2.0) lib/rails/rack/logger.rb:26:in `call'
sprockets-rails (3.2.1) lib/sprockets/rails/quiet_assets.rb:13:in `call'
actionpack (5.2.0) lib/action_dispatch/middleware/remote_ip.rb:81:in `call'
actionpack (5.2.0) lib/action_dispatch/middleware/request_id.rb:27:in `call'
rack (2.0.5) lib/rack/method_override.rb:22:in `call'
rack (2.0.5) lib/rack/runtime.rb:22:in `call'
activesupport (5.2.0) lib/active_support/cache/strategy/local_cache_middleware.rb:29:in `call'
actionpack (5.2.0) lib/action_dispatch/middleware/executor.rb:14:in `call'
actionpack (5.2.0) lib/action_dispatch/middleware/static.rb:127:in `call'
rack (2.0.5) lib/rack/sendfile.rb:111:in `call'
railties (5.2.0) lib/rails/engine.rb:524:in `call'
puma (3.12.0) lib/puma/configuration.rb:225:in `call'
puma (3.12.0) lib/puma/server.rb:658:in `handle_request'
puma (3.12.0) lib/puma/server.rb:472:in `process_client'
puma (3.12.0) lib/puma/server.rb:332:in `block in run'
puma (3.12.0) lib/puma/thread_pool.rb:133:in `block in spawn_thread'
Started GET "/static_pages/home" for 127.0.0.1 at 2018-07-24 13:17:28 -0400
Processing by StaticPagesController#home as HTML
  Rendering static_pages/home.html.erb within layouts/application
  Rendered static_pages/home.html.erb within layouts/application (0.9ms)
Completed 200 OK in 28ms (Views: 24.7ms | ActiveRecord: 0.0ms)


Started GET "/static_pages/home" for 127.0.0.1 at 2018-07-24 13:40:05 -0400
Processing by StaticPagesController#home as HTML
  Rendering static_pages/home.html.erb within layouts/application
  Rendered static_pages/home.html.erb within layouts/application (2.4ms)
Completed 200 OK in 70ms (Views: 60.4ms | ActiveRecord: 0.0ms)


Started GET "/static_pages/help" for 127.0.0.1 at 2018-07-24 13:40:23 -0400
Processing by StaticPagesController#help as HTML
  Rendering static_pages/help.html.erb within layouts/application
  Rendered static_pages/help.html.erb within layouts/application (0.6ms)
Completed 200 OK in 33ms (Views: 28.4ms | ActiveRecord: 0.0ms)


Started GET "/static_pages/home" for 127.0.0.1 at 2018-07-25 10:15:33 -0400
Processing by StaticPagesController#home as HTML
  Rendering static_pages/home.html.erb
  Rendered static_pages/home.html.erb (1.9ms)
Completed 200 OK in 49ms (Views: 18.7ms | ActiveRecord: 0.0ms)


Started GET "/static_pages/conatct" for 127.0.0.1 at 2018-07-25 10:44:29 -0400
  
ActionController::RoutingError (No route matches [GET] "/static_pages/conatct"):
  
actionpack (5.2.0) lib/action_dispatch/middleware/debug_exceptions.rb:65:in `call'
web-console (3.5.1) lib/web_console/middleware.rb:135:in `call_app'
web-console (3.5.1) lib/web_console/middleware.rb:28:in `block in call'
web-console (3.5.1) lib/web_console/middleware.rb:18:in `catch'
web-console (3.5.1) lib/web_console/middleware.rb:18:in `call'
actionpack (5.2.0) lib/action_dispatch/middleware/show_exceptions.rb:33:in `call'
railties (5.2.0) lib/rails/rack/logger.rb:38:in `call_app'
railties (5.2.0) lib/rails/rack/logger.rb:26:in `block in call'
activesupport (5.2.0) lib/active_support/tagged_logging.rb:71:in `block in tagged'
activesupport (5.2.0) lib/active_support/tagged_logging.rb:28:in `tagged'
activesupport (5.2.0) lib/active_support/tagged_logging.rb:71:in `tagged'
railties (5.2.0) lib/rails/rack/logger.rb:26:in `call'
sprockets-rails (3.2.1) lib/sprockets/rails/quiet_assets.rb:13:in `call'
actionpack (5.2.0) lib/action_dispatch/middleware/remote_ip.rb:81:in `call'
actionpack (5.2.0) lib/action_dispatch/middleware/request_id.rb:27:in `call'
rack (2.0.5) lib/rack/method_override.rb:22:in `call'
rack (2.0.5) lib/rack/runtime.rb:22:in `call'
activesupport (5.2.0) lib/active_support/cache/strategy/local_cache_middleware.rb:29:in `call'
actionpack (5.2.0) lib/action_dispatch/middleware/executor.rb:14:in `call'
actionpack (5.2.0) lib/action_dispatch/middleware/static.rb:127:in `call'
rack (2.0.5) lib/rack/sendfile.rb:111:in `call'
railties (5.2.0) lib/rails/engine.rb:524:in `call'
puma (3.12.0) lib/puma/configuration.rb:225:in `call'
puma (3.12.0) lib/puma/server.rb:658:in `handle_request'
puma (3.12.0) lib/puma/server.rb:472:in `process_client'
puma (3.12.0) lib/puma/server.rb:332:in `block in run'
puma (3.12.0) lib/puma/thread_pool.rb:133:in `block in spawn_thread'
Started GET "/static_pages/help" for 127.0.0.1 at 2018-07-25 10:44:43 -0400
Processing by StaticPagesController#help as HTML
  Rendering static_pages/help.html.erb within layouts/application
  Rendered static_pages/help.html.erb within layouts/application (0.6ms)
Completed 200 OK in 287ms (Views: 282.5ms | ActiveRecord: 0.0ms)


Started GET "/static_pages" for 127.0.0.1 at 2018-07-25 11:02:44 -0400
  
ActionController::RoutingError (No route matches [GET] "/static_pages"):
  
actionpack (5.2.0) lib/action_dispatch/middleware/debug_exceptions.rb:65:in `call'
web-console (3.5.1) lib/web_console/middleware.rb:135:in `call_app'
web-console (3.5.1) lib/web_console/middleware.rb:28:in `block in call'
web-console (3.5.1) lib/web_console/middleware.rb:18:in `catch'
web-console (3.5.1) lib/web_console/middleware.rb:18:in `call'
actionpack (5.2.0) lib/action_dispatch/middleware/show_exceptions.rb:33:in `call'
railties (5.2.0) lib/rails/rack/logger.rb:38:in `call_app'
railties (5.2.0) lib/rails/rack/logger.rb:26:in `block in call'
activesupport (5.2.0) lib/active_support/tagged_logging.rb:71:in `block in tagged'
activesupport (5.2.0) lib/active_support/tagged_logging.rb:28:in `tagged'
activesupport (5.2.0) lib/active_support/tagged_logging.rb:71:in `tagged'
railties (5.2.0) lib/rails/rack/logger.rb:26:in `call'
sprockets-rails (3.2.1) lib/sprockets/rails/quiet_assets.rb:13:in `call'
actionpack (5.2.0) lib/action_dispatch/middleware/remote_ip.rb:81:in `call'
actionpack (5.2.0) lib/action_dispatch/middleware/request_id.rb:27:in `call'
rack (2.0.5) lib/rack/method_override.rb:22:in `call'
rack (2.0.5) lib/rack/runtime.rb:22:in `call'
activesupport (5.2.0) lib/active_support/cache/strategy/local_cache_middleware.rb:29:in `call'
actionpack (5.2.0) lib/action_dispatch/middleware/executor.rb:14:in `call'
actionpack (5.2.0) lib/action_dispatch/middleware/static.rb:127:in `call'
rack (2.0.5) lib/rack/sendfile.rb:111:in `call'
railties (5.2.0) lib/rails/engine.rb:524:in `call'
puma (3.12.0) lib/puma/configuration.rb:225:in `call'
puma (3.12.0) lib/puma/server.rb:658:in `handle_request'
puma (3.12.0) lib/puma/server.rb:472:in `process_client'
puma (3.12.0) lib/puma/server.rb:332:in `block in run'
puma (3.12.0) lib/puma/thread_pool.rb:133:in `block in spawn_thread'
Started GET "/static_pages/home" for 127.0.0.1 at 2018-07-25 11:02:50 -0400
Processing by StaticPagesController#home as HTML
  Rendering static_pages/home.html.erb within layouts/application
  Rendered static_pages/home.html.erb within layouts/application (0.9ms)
Completed 200 OK in 328ms (Views: 323.6ms | ActiveRecord: 0.0ms)


Started GET "/static_pages/" for 127.0.0.1 at 2018-07-25 11:02:55 -0400
  
ActionController::RoutingError (No route matches [GET] "/static_pages"):
  
actionpack (5.2.0) lib/action_dispatch/middleware/debug_exceptions.rb:65:in `call'
web-console (3.5.1) lib/web_console/middleware.rb:135:in `call_app'
web-console (3.5.1) lib/web_console/middleware.rb:28:in `block in call'
web-console (3.5.1) lib/web_console/middleware.rb:18:in `catch'
web-console (3.5.1) lib/web_console/middleware.rb:18:in `call'
actionpack (5.2.0) lib/action_dispatch/middleware/show_exceptions.rb:33:in `call'
railties (5.2.0) lib/rails/rack/logger.rb:38:in `call_app'
railties (5.2.0) lib/rails/rack/logger.rb:26:in `block in call'
activesupport (5.2.0) lib/active_support/tagged_logging.rb:71:in `block in tagged'
activesupport (5.2.0) lib/active_support/tagged_logging.rb:28:in `tagged'
activesupport (5.2.0) lib/active_support/tagged_logging.rb:71:in `tagged'
railties (5.2.0) lib/rails/rack/logger.rb:26:in `call'
sprockets-rails (3.2.1) lib/sprockets/rails/quiet_assets.rb:13:in `call'
actionpack (5.2.0) lib/action_dispatch/middleware/remote_ip.rb:81:in `call'
actionpack (5.2.0) lib/action_dispatch/middleware/request_id.rb:27:in `call'
rack (2.0.5) lib/rack/method_override.rb:22:in `call'
rack (2.0.5) lib/rack/runtime.rb:22:in `call'
activesupport (5.2.0) lib/active_support/cache/strategy/local_cache_middleware.rb:29:in `call'
actionpack (5.2.0) lib/action_dispatch/middleware/executor.rb:14:in `call'
actionpack (5.2.0) lib/action_dispatch/middleware/static.rb:127:in `call'
rack (2.0.5) lib/rack/sendfile.rb:111:in `call'
railties (5.2.0) lib/rails/engine.rb:524:in `call'
puma (3.12.0) lib/puma/configuration.rb:225:in `call'
puma (3.12.0) lib/puma/server.rb:658:in `handle_request'
puma (3.12.0) lib/puma/server.rb:472:in `process_client'
puma (3.12.0) lib/puma/server.rb:332:in `block in run'
puma (3.12.0) lib/puma/thread_pool.rb:133:in `block in spawn_thread'
Started GET "/static_pages" for 127.0.0.1 at 2018-07-25 11:04:10 -0400
Started GET "/static_pages/home" for 127.0.0.1 at 2018-07-25 11:04:20 -0400
  
ActionController::RoutingError (No route matches [GET] "/static_pages"):
  
actionpack (5.2.0) lib/action_dispatch/middleware/debug_exceptions.rb:65:in `call'
web-console (3.5.1) lib/web_console/middleware.rb:135:in `call_app'
web-console (3.5.1) lib/web_console/middleware.rb:28:in `block in call'
web-console (3.5.1) lib/web_console/middleware.rb:18:in `catch'
web-console (3.5.1) lib/web_console/middleware.rb:18:in `call'
actionpack (5.2.0) lib/action_dispatch/middleware/show_exceptions.rb:33:in `call'
railties (5.2.0) lib/rails/rack/logger.rb:38:in `call_app'
railties (5.2.0) lib/rails/rack/logger.rb:26:in `block in call'
activesupport (5.2.0) lib/active_support/tagged_logging.rb:71:in `block in tagged'
activesupport (5.2.0) lib/active_support/tagged_logging.rb:28:in `tagged'
activesupport (5.2.0) lib/active_support/tagged_logging.rb:71:in `tagged'
railties (5.2.0) lib/rails/rack/logger.rb:26:in `call'
sprockets-rails (3.2.1) lib/sprockets/rails/quiet_assets.rb:13:in `call'
actionpack (5.2.0) lib/action_dispatch/middleware/remote_ip.rb:81:in `call'
actionpack (5.2.0) lib/action_dispatch/middleware/request_id.rb:27:in `call'
rack (2.0.5) lib/rack/method_override.rb:22:in `call'
rack (2.0.5) lib/rack/runtime.rb:22:in `call'
activesupport (5.2.0) lib/active_support/cache/strategy/local_cache_middleware.rb:29:in `call'
actionpack (5.2.0) lib/action_dispatch/middleware/executor.rb:14:in `call'
actionpack (5.2.0) lib/action_dispatch/middleware/static.rb:127:in `call'
rack (2.0.5) lib/rack/sendfile.rb:111:in `call'
railties (5.2.0) lib/rails/engine.rb:524:in `call'
puma (3.12.0) lib/puma/configuration.rb:225:in `call'
puma (3.12.0) lib/puma/server.rb:658:in `handle_request'
puma (3.12.0) lib/puma/server.rb:472:in `process_client'
puma (3.12.0) lib/puma/server.rb:332:in `block in run'
puma (3.12.0) lib/puma/thread_pool.rb:133:in `block in spawn_thread'
Processing by StaticPagesController#home as HTML
  Rendering static_pages/home.html.erb within layouts/application
  Rendered static_pages/home.html.erb within layouts/application (0.6ms)
Completed 200 OK in 30ms (Views: 26.8ms | ActiveRecord: 0.0ms)


Started GET "/static_pages" for 127.0.0.1 at 2018-07-25 11:04:25 -0400
  
ActionController::RoutingError (No route matches [GET] "/static_pages"):
  
actionpack (5.2.0) lib/action_dispatch/middleware/debug_exceptions.rb:65:in `call'
web-console (3.5.1) lib/web_console/middleware.rb:135:in `call_app'
web-console (3.5.1) lib/web_console/middleware.rb:28:in `block in call'
web-console (3.5.1) lib/web_console/middleware.rb:18:in `catch'
web-console (3.5.1) lib/web_console/middleware.rb:18:in `call'
actionpack (5.2.0) lib/action_dispatch/middleware/show_exceptions.rb:33:in `call'
railties (5.2.0) lib/rails/rack/logger.rb:38:in `call_app'
railties (5.2.0) lib/rails/rack/logger.rb:26:in `block in call'
activesupport (5.2.0) lib/active_support/tagged_logging.rb:71:in `block in tagged'
activesupport (5.2.0) lib/active_support/tagged_logging.rb:28:in `tagged'
activesupport (5.2.0) lib/active_support/tagged_logging.rb:71:in `tagged'
railties (5.2.0) lib/rails/rack/logger.rb:26:in `call'
sprockets-rails (3.2.1) lib/sprockets/rails/quiet_assets.rb:13:in `call'
actionpack (5.2.0) lib/action_dispatch/middleware/remote_ip.rb:81:in `call'
actionpack (5.2.0) lib/action_dispatch/middleware/request_id.rb:27:in `call'
rack (2.0.5) lib/rack/method_override.rb:22:in `call'
rack (2.0.5) lib/rack/runtime.rb:22:in `call'
activesupport (5.2.0) lib/active_support/cache/strategy/local_cache_middleware.rb:29:in `call'
actionpack (5.2.0) lib/action_dispatch/middleware/executor.rb:14:in `call'
actionpack (5.2.0) lib/action_dispatch/middleware/static.rb:127:in `call'
rack (2.0.5) lib/rack/sendfile.rb:111:in `call'
railties (5.2.0) lib/rails/engine.rb:524:in `call'
puma (3.12.0) lib/puma/configuration.rb:225:in `call'
puma (3.12.0) lib/puma/server.rb:658:in `handle_request'
puma (3.12.0) lib/puma/server.rb:472:in `process_client'
puma (3.12.0) lib/puma/server.rb:332:in `block in run'
puma (3.12.0) lib/puma/thread_pool.rb:133:in `block in spawn_thread'
Started GET "/" for 127.0.0.1 at 2018-07-25 11:04:48 -0400
Processing by StaticPagesController#home as HTML
  Rendering static_pages/home.html.erb within layouts/application
  Rendered static_pages/home.html.erb within layouts/application (0.6ms)
Completed 200 OK in 35ms (Views: 32.1ms | ActiveRecord: 0.0ms)


Started GET "/" for 127.0.0.1 at 2018-07-30 09:54:18 -0400
Processing by StaticPagesController#home as HTML
  Rendering static_pages/home.html.erb within layouts/application
  Rendered static_pages/home.html.erb within layouts/application (2.7ms)
Completed 200 OK in 376ms (Views: 342.8ms | ActiveRecord: 0.0ms)


Started GET "/" for 127.0.0.1 at 2018-07-30 10:07:17 -0400
Processing by StaticPagesController#home as HTML
  Rendering static_pages/home.html.erb within layouts/application
  Rendered static_pages/home.html.erb within layouts/application (97.5ms)
Completed 200 OK in 217ms (Views: 212.8ms | ActiveRecord: 0.0ms)


Started GET "/" for 127.0.0.1 at 2018-07-30 10:17:31 -0400
Processing by StaticPagesController#home as HTML
  Rendering static_pages/home.html.erb within layouts/application
  Rendered static_pages/home.html.erb within layouts/application (5743.8ms)
Completed 200 OK in 5954ms (Views: 5924.5ms | ActiveRecord: 0.0ms)


Started GET "/" for 127.0.0.1 at 2018-07-30 10:22:12 -0400
Processing by StaticPagesController#home as HTML
  Rendering static_pages/home.html.erb within layouts/application
  Rendered static_pages/home.html.erb within layouts/application (3.1ms)
Completed 200 OK in 2393ms (Views: 2388.8ms | ActiveRecord: 0.0ms)


Started GET "/" for 127.0.0.1 at 2018-07-30 10:23:55 -0400
Processing by StaticPagesController#home as HTML
  Rendering static_pages/home.html.erb within layouts/application
  Rendered static_pages/home.html.erb within layouts/application (13.3ms)
Completed 200 OK in 2499ms (Views: 2495.1ms | ActiveRecord: 0.0ms)


Started GET "/" for 127.0.0.1 at 2018-07-30 10:37:11 -0400
Processing by StaticPagesController#home as HTML
  Rendering static_pages/home.html.erb within layouts/application
  Rendered static_pages/home.html.erb within layouts/application (2598.8ms)
  Rendered layouts/_shim.html.erb (0.5ms)
  Rendered layouts/_header.html.erb (1.0ms)
  Rendered layouts/_footer.html.erb (0.4ms)
Completed 200 OK in 2777ms (Views: 2746.2ms | ActiveRecord: 0.0ms)


Started GET "/" for 127.0.0.1 at 2018-07-30 10:51:18 -0400
Processing by StaticPagesController#home as HTML
  Rendering static_pages/home.html.erb within layouts/application
  Rendered static_pages/home.html.erb within layouts/application (5.5ms)
  Rendered layouts/_shim.html.erb (0.4ms)
  Rendered layouts/_header.html.erb (0.7ms)
  Rendered layouts/_footer.html.erb (0.5ms)
Completed 200 OK in 2697ms (Views: 2691.6ms | ActiveRecord: 0.0ms)


Started GET "/" for 127.0.0.1 at 2018-07-30 10:54:21 -0400
Processing by StaticPagesController#home as HTML
  Rendering static_pages/home.html.erb within layouts/application
  Rendered static_pages/home.html.erb within layouts/application (3.5ms)
  Rendered layouts/_shim.html.erb (0.6ms)
  Rendered layouts/_header.html.erb (0.9ms)
  Rendered layouts/_footer.html.erb (0.5ms)
Completed 200 OK in 2382ms (Views: 2378.5ms | ActiveRecord: 0.0ms)


  [1m[35m (1.5ms)[0m  [1m[34mSELECT sqlite_version(*)[0m
  ↳ bin/rails:9
  [1m[35m (5.0ms)[0m  [1m[35mCREATE TABLE "schema_migrations" ("version" varchar NOT NULL PRIMARY KEY)[0m
  ↳ bin/rails:9
  [1m[35m (4.0ms)[0m  [1m[35mCREATE TABLE "ar_internal_metadata" ("key" varchar NOT NULL PRIMARY KEY, "value" varchar, "created_at" datetime NOT NULL, "updated_at" datetime NOT NULL)[0m
  ↳ bin/rails:9
  [1m[35m (0.3ms)[0m  [1m[34mSELECT "schema_migrations"."version" FROM "schema_migrations" ORDER BY "schema_migrations"."version" ASC[0m
  ↳ bin/rails:9
Migrating to CreateUsers (20180730161204)
  [1m[35m (0.1ms)[0m  [1m[36mbegin transaction[0m
  ↳ bin/rails:9
  [1m[35m (0.5ms)[0m  [1m[35mCREATE TABLE "users" ("id" integer PRIMARY KEY AUTOINCREMENT NOT NULL, "name" varchar, "email" varchar, "created_at" datetime NOT NULL, "updated_at" datetime NOT NULL)[0m
  ↳ db/migrate/20180730161204_create_users.rb:3
  [1m[36mActiveRecord::SchemaMigration Create (0.4ms)[0m  [1m[32mINSERT INTO "schema_migrations" ("version") VALUES (?)[0m  [["version", "20180730161204"]]
  ↳ bin/rails:9
  [1m[35m (2.6ms)[0m  [1m[36mcommit transaction[0m
  ↳ bin/rails:9
  [1m[36mActiveRecord::InternalMetadata Load (0.2ms)[0m  [1m[34mSELECT  "ar_internal_metadata".* FROM "ar_internal_metadata" WHERE "ar_internal_metadata"."key" = ? LIMIT ?[0m  [["key", "environment"], ["LIMIT", 1]]
  ↳ bin/rails:9
  [1m[35m (0.1ms)[0m  [1m[36mbegin transaction[0m
  ↳ bin/rails:9
  [1m[36mActiveRecord::InternalMetadata Create (0.4ms)[0m  [1m[32mINSERT INTO "ar_internal_metadata" ("key", "value", "created_at", "updated_at") VALUES (?, ?, ?, ?)[0m  [["key", "environment"], ["value", "development"], ["created_at", "2018-07-30 16:28:25.179331"], ["updated_at", "2018-07-30 16:28:25.179331"]]
  ↳ bin/rails:9
  [1m[35m (1.7ms)[0m  [1m[36mcommit transaction[0m
  ↳ bin/rails:9
  [1m[35m (0.1ms)[0m  [1m[34mSELECT "schema_migrations"."version" FROM "schema_migrations" ORDER BY "schema_migrations"."version" ASC[0m
  ↳ bin/rails:9
  [1m[35m (0.1ms)[0m  [1m[36mbegin transaction[0m
  ↳ bin/rails:9
  [1m[35m (0.2ms)[0m  [1m[35mSAVEPOINT active_record_1[0m
  [1m[36mUser Create (1.9ms)[0m  [1m[32mINSERT INTO "users" ("name", "email", "created_at", "updated_at") VALUES (?, ?, ?, ?)[0m  [["name", "Michael Hartl"], ["email", "mhartl@example.com"], ["created_at", "2018-07-30 16:41:12.903014"], ["updated_at", "2018-07-30 16:41:12.903014"]]
  [1m[35m (0.1ms)[0m  [1m[35mRELEASE SAVEPOINT active_record_1[0m
  [1m[35m (0.1ms)[0m  [1m[35mSAVEPOINT active_record_1[0m
  [1m[36mUser Create (0.2ms)[0m  [1m[32mINSERT INTO "users" ("name", "email", "created_at", "updated_at") VALUES (?, ?, ?, ?)[0m  [["name", "A Nother"], ["email", "another@example.org"], ["created_at", "2018-07-30 16:42:53.978719"], ["updated_at", "2018-07-30 16:42:53.978719"]]
  [1m[35m (0.1ms)[0m  [1m[35mRELEASE SAVEPOINT active_record_1[0m
  [1m[35m (0.3ms)[0m  [1m[35mSAVEPOINT active_record_1[0m
  [1m[36mUser Create (0.2ms)[0m  [1m[32mINSERT INTO "users" ("name", "email", "created_at", "updated_at") VALUES (?, ?, ?, ?)[0m  [["name", "Foo"], ["email", "foo@bar.com"], ["created_at", "2018-07-30 16:43:02.653920"], ["updated_at", "2018-07-30 16:43:02.653920"]]
  [1m[35m (0.1ms)[0m  [1m[35mRELEASE SAVEPOINT active_record_1[0m
  [1m[35m (0.1ms)[0m  [1m[35mSAVEPOINT active_record_1[0m
  [1m[36mUser Destroy (0.2ms)[0m  [1m[31mDELETE FROM "users" WHERE "users"."id" = ?[0m  [["id", 3]]
  [1m[35m (0.1ms)[0m  [1m[35mRELEASE SAVEPOINT active_record_1[0m
  [1m[36mUser Load (0.2ms)[0m  [1m[34mSELECT  "users".* FROM "users" WHERE "users"."id" = ? LIMIT ?[0m  [["id", 1], ["LIMIT", 1]]
  [1m[36mUser Load (0.3ms)[0m  [1m[34mSELECT  "users".* FROM "users" WHERE "users"."email" = ? LIMIT ?[0m  [["email", "mhartl@example.com"], ["LIMIT", 1]]
  [1m[36mUser Load (0.3ms)[0m  [1m[34mSELECT  "users".* FROM "users" LIMIT ?[0m  [["LIMIT", 11]]
  [1m[36mUser Load (0.3ms)[0m  [1m[34mSELECT  "users".* FROM "users" LIMIT ?[0m  [["LIMIT", 11]]
  [1m[35m (4.6ms)[0m  [1m[31mrollback transaction[0m
  [1m[35m (0.1ms)[0m  [1m[36mbegin transaction[0m
  ↳ bin/rails:9
  [1m[35m (0.2ms)[0m  [1m[35mSAVEPOINT active_record_1[0m
  [1m[35m (0.2ms)[0m  [1m[31mROLLBACK TO SAVEPOINT active_record_1[0m
  [1m[35m (0.1ms)[0m  [1m[31mrollback transaction[0m
  [1m[35m (1.4ms)[0m  [1m[34mSELECT "schema_migrations"."version" FROM "schema_migrations" ORDER BY "schema_migrations"."version" ASC[0m
  ↳ bin/rails:9
Migrating to AddIndexToUsersEmail (20180731134734)
  [1m[35m (0.1ms)[0m  [1m[36mbegin transaction[0m
  ↳ bin/rails:9
  [1m[35m (1.4ms)[0m  [1m[34mSELECT sqlite_version(*)[0m
  ↳ db/migrate/20180731134734_add_index_to_users_email.rb:3
  [1m[35m (1.9ms)[0m  [1m[35mCREATE UNIQUE INDEX "index_users_on_email" ON "users" ("email")[0m
  ↳ db/migrate/20180731134734_add_index_to_users_email.rb:3
  [1m[36mActiveRecord::SchemaMigration Create (1.3ms)[0m  [1m[32mINSERT INTO "schema_migrations" ("version") VALUES (?)[0m  [["version", "20180731134734"]]
  ↳ bin/rails:9
  [1m[35m (1.3ms)[0m  [1m[36mcommit transaction[0m
  ↳ bin/rails:9
  [1m[36mActiveRecord::InternalMetadata Load (1.8ms)[0m  [1m[34mSELECT  "ar_internal_metadata".* FROM "ar_internal_metadata" WHERE "ar_internal_metadata"."key" = ? LIMIT ?[0m  [["key", "environment"], ["LIMIT", 1]]
  ↳ bin/rails:9
  [1m[35m (0.1ms)[0m  [1m[36mbegin transaction[0m
  ↳ bin/rails:9
  [1m[35m (0.1ms)[0m  [1m[36mcommit transaction[0m
  ↳ bin/rails:9
  [1m[35m (0.1ms)[0m  [1m[34mSELECT "schema_migrations"."version" FROM "schema_migrations" ORDER BY "schema_migrations"."version" ASC[0m
  ↳ bin/rails:9
  [1m[35m (0.2ms)[0m  [1m[34mSELECT "schema_migrations"."version" FROM "schema_migrations" ORDER BY "schema_migrations"."version" ASC[0m
  ↳ bin/rails:9
Migrating to AddPasswordDigestToUsers (20180731140800)
  [1m[35m (0.1ms)[0m  [1m[36mbegin transaction[0m
  ↳ bin/rails:9
  [1m[35m (2.5ms)[0m  [1m[35mALTER TABLE "users" ADD "password_digest" varchar[0m
  ↳ db/migrate/20180731140800_add_password_digest_to_users.rb:3
  [1m[36mActiveRecord::SchemaMigration Create (0.4ms)[0m  [1m[32mINSERT INTO "schema_migrations" ("version") VALUES (?)[0m  [["version", "20180731140800"]]
  ↳ bin/rails:9
  [1m[35m (2.1ms)[0m  [1m[36mcommit transaction[0m
  ↳ bin/rails:9
  [1m[36mActiveRecord::InternalMetadata Load (0.3ms)[0m  [1m[34mSELECT  "ar_internal_metadata".* FROM "ar_internal_metadata" WHERE "ar_internal_metadata"."key" = ? LIMIT ?[0m  [["key", "environment"], ["LIMIT", 1]]
  ↳ bin/rails:9
  [1m[35m (0.1ms)[0m  [1m[36mbegin transaction[0m
  ↳ bin/rails:9
  [1m[35m (0.0ms)[0m  [1m[36mcommit transaction[0m
  ↳ bin/rails:9
  [1m[35m (0.2ms)[0m  [1m[34mSELECT "schema_migrations"."version" FROM "schema_migrations" ORDER BY "schema_migrations"."version" ASC[0m
  ↳ bin/rails:9
  [1m[35m (0.1ms)[0m  [1m[36mbegin transaction[0m
  [1m[36mUser Exists (0.2ms)[0m  [1m[34mSELECT  1 AS one FROM "users" WHERE LOWER("users"."email") = LOWER(?) LIMIT ?[0m  [["email", "mhartl@example.com"], ["LIMIT", 1]]
  [1m[36mUser Create (0.5ms)[0m  [1m[32mINSERT INTO "users" ("name", "email", "created_at", "updated_at", "password_digest") VALUES (?, ?, ?, ?, ?)[0m  [["name", "Michael Hartl"], ["email", "mhartl@example.com"], ["created_at", "2018-07-31 14:46:19.551951"], ["updated_at", "2018-07-31 14:46:19.551951"], ["password_digest", "$2a$10$jbVzFT4SWpSxOqKAQc.ZVer9EYjtP..Mbkt5O8SmZFdjmWYMNVgrW"]]
  [1m[35m (3.7ms)[0m  [1m[36mcommit transaction[0m
  [1m[35m (0.1ms)[0m  [1m[36mbegin transaction[0m
  [1m[36mUser Exists (0.3ms)[0m  [1m[34mSELECT  1 AS one FROM "users" WHERE LOWER("users"."email") = LOWER(?) LIMIT ?[0m  [["email", "furahadamien30@gmail.com"], ["LIMIT", 1]]
  [1m[36mUser Create (0.4ms)[0m  [1m[32mINSERT INTO "users" ("name", "email", "created_at", "updated_at", "password_digest") VALUES (?, ?, ?, ?, ?)[0m  [["name", "Furaha Damien"], ["email", "furahadamien30@gmail.com"], ["created_at", "2018-07-31 14:48:15.807045"], ["updated_at", "2018-07-31 14:48:15.807045"], ["password_digest", "$2a$10$PCFTcsxJlVzxA/p0m/Q2iO6i1VnBcHV0QRYiv1zrUxjUi52b2U4Na"]]
  [1m[35m (2.1ms)[0m  [1m[36mcommit transaction[0m
  [1m[36mUser Load (0.6ms)[0m  [1m[34mSELECT  "users".* FROM "users" WHERE "users"."email" = ? LIMIT ?[0m  [["email", "mhartl@example.com"], ["LIMIT", 1]]
  [1m[36mUser Load (0.4ms)[0m  [1m[34mSELECT  "users".* FROM "users" WHERE "users"."email" = ? LIMIT ?[0m  [["email", "furahadamien30@gmail.com"], ["LIMIT", 1]]
Started GET "/" for 127.0.0.1 at 2018-07-31 11:21:14 -0400
  [1m[35m (1.5ms)[0m  [1m[34mSELECT "schema_migrations"."version" FROM "schema_migrations" ORDER BY "schema_migrations"."version" ASC[0m
  ↳ /Library/Ruby/Gems/2.3.0/gems/activerecord-5.2.0/lib/active_record/log_subscriber.rb:98
Processing by StaticPagesController#home as HTML
  Rendering static_pages/home.html.erb within layouts/application
  Rendered static_pages/home.html.erb within layouts/application (3077.5ms)
  Rendered layouts/_shim.html.erb (0.5ms)
  Rendered layouts/_header.html.erb (1.3ms)
  Rendered layouts/_footer.html.erb (1.1ms)
Completed 200 OK in 3295ms (Views: 3262.4ms | ActiveRecord: 0.0ms)


  [1m[35m (1.4ms)[0m  [1m[34mSELECT COUNT(*) FROM "users"[0m
Started GET "/" for 127.0.0.1 at 2018-07-31 11:34:40 -0400
  [1m[35m (0.3ms)[0m  [1m[34mSELECT "schema_migrations"."version" FROM "schema_migrations" ORDER BY "schema_migrations"."version" ASC[0m
  ↳ /Library/Ruby/Gems/2.3.0/gems/activerecord-5.2.0/lib/active_record/log_subscriber.rb:98
Processing by StaticPagesController#home as HTML
  Rendering static_pages/home.html.erb within layouts/application
  Rendered static_pages/home.html.erb within layouts/application (270.4ms)
  Rendered layouts/_shim.html.erb (0.5ms)
  Rendered layouts/_header.html.erb (1.2ms)
  Rendered layouts/_footer.html.erb (1.0ms)
Completed 200 OK in 404ms (Views: 373.7ms | ActiveRecord: 0.0ms)


Started GET "/" for 127.0.0.1 at 2018-07-31 11:34:45 -0400
Processing by StaticPagesController#home as HTML
  Rendering static_pages/home.html.erb within layouts/application
  Rendered static_pages/home.html.erb within layouts/application (2.0ms)
  Rendered layouts/_shim.html.erb (0.4ms)
  Rendered layouts/_header.html.erb (0.6ms)
  Rendered layouts/_footer.html.erb (0.8ms)
Completed 200 OK in 85ms (Views: 79.0ms | ActiveRecord: 0.0ms)


Started GET "/" for 127.0.0.1 at 2018-07-31 11:34:48 -0400
Processing by StaticPagesController#home as HTML
  Rendering static_pages/home.html.erb within layouts/application
  Rendered static_pages/home.html.erb within layouts/application (1.9ms)
  Rendered layouts/_shim.html.erb (0.7ms)
  Rendered layouts/_header.html.erb (0.7ms)
  Rendered layouts/_footer.html.erb (0.5ms)
Completed 200 OK in 64ms (Views: 58.3ms | ActiveRecord: 0.0ms)


Started GET "/users/1" for 127.0.0.1 at 2018-07-31 11:35:21 -0400
Processing by UsersController#show as HTML
  Parameters: {"id"=>"1"}
  [1m[36mUser Load (1.2ms)[0m  [1m[34mSELECT  "users".* FROM "users" WHERE "users"."id" = ? LIMIT ?[0m  [["id", 1], ["LIMIT", 1]]
  ↳ app/controllers/users_controller.rb:4
  Rendering users/show.html.erb within layouts/application
  Rendered users/show.html.erb within layouts/application (0.5ms)
  Rendered layouts/_shim.html.erb (0.3ms)
  Rendered layouts/_header.html.erb (0.6ms)
  Rendered layouts/_footer.html.erb (0.5ms)
Completed 200 OK in 99ms (Views: 70.6ms | ActiveRecord: 3.2ms)


Started GET "/users/2" for 127.0.0.1 at 2018-07-31 11:35:28 -0400
Processing by UsersController#show as HTML
  Parameters: {"id"=>"2"}
  [1m[36mUser Load (0.3ms)[0m  [1m[34mSELECT  "users".* FROM "users" WHERE "users"."id" = ? LIMIT ?[0m  [["id", 2], ["LIMIT", 1]]
  ↳ app/controllers/users_controller.rb:4
  Rendering users/show.html.erb within layouts/application
  Rendered users/show.html.erb within layouts/application (0.4ms)
  Rendered layouts/_shim.html.erb (0.3ms)
  Rendered layouts/_header.html.erb (1.0ms)
  Rendered layouts/_footer.html.erb (0.8ms)
Completed 200 OK in 71ms (Views: 65.8ms | ActiveRecord: 0.3ms)


Started GET "/users/2" for 127.0.0.1 at 2018-07-31 11:37:25 -0400
Processing by UsersController#show as HTML
  Parameters: {"id"=>"2"}
  [1m[36mUser Load (0.2ms)[0m  [1m[34mSELECT  "users".* FROM "users" WHERE "users"."id" = ? LIMIT ?[0m  [["id", 2], ["LIMIT", 1]]
  ↳ app/controllers/users_controller.rb:4
  Rendering users/show.html.erb within layouts/application
  Rendered users/show.html.erb within layouts/application (0.5ms)
  Rendered layouts/_shim.html.erb (0.3ms)
  Rendered layouts/_header.html.erb (0.6ms)
  Rendered layouts/_footer.html.erb (0.5ms)
Completed 200 OK in 97703ms (Views: 50.6ms | ActiveRecord: 0.8ms)


Started GET "/users/2" for 127.0.0.1 at 2018-07-31 11:45:13 -0400
Processing by UsersController#show as HTML
  Parameters: {"id"=>"2"}
  [1m[36mUser Load (0.2ms)[0m  [1m[34mSELECT  "users".* FROM "users" WHERE "users"."id" = ? LIMIT ?[0m  [["id", 2], ["LIMIT", 1]]
  ↳ app/controllers/users_controller.rb:4
  Rendering users/show.html.erb within layouts/application
  Rendered users/show.html.erb within layouts/application (0.7ms)
  Rendered layouts/_shim.html.erb (0.3ms)
  Rendered layouts/_header.html.erb (0.6ms)
  Rendered layouts/_footer.html.erb (0.4ms)
Completed 200 OK in 63ms (Views: 47.9ms | ActiveRecord: 1.6ms)


  [1m[36mUser Load (0.2ms)[0m  [1m[34mSELECT  "users".* FROM "users" ORDER BY "users"."id" ASC LIMIT ?[0m  [["LIMIT", 1]]
  [1m[35m (0.1ms)[0m  [1m[36mbegin transaction[0m
  [1m[36mUser Exists (0.3ms)[0m  [1m[34mSELECT  1 AS one FROM "users" WHERE LOWER("users"."email") = LOWER(?) AND "users"."id" != ? LIMIT ?[0m  [["email", "example@railstutorial.org"], ["id", 1], ["LIMIT", 1]]
  [1m[36mUser Update (0.5ms)[0m  [1m[33mUPDATE "users" SET "name" = ?, "email" = ?, "updated_at" = ?, "password_digest" = ? WHERE "users"."id" = ?[0m  [["name", "Example User"], ["email", "example@railstutorial.org"], ["updated_at", "2018-07-31 15:50:36.658946"], ["password_digest", "$2a$10$DVJwsV3XRNqgA0RSlzINhuHRK.a3b7WuZU/CTVsbUcs8pVMezO4fW"], ["id", 1]]
  [1m[35m (2.2ms)[0m  [1m[36mcommit transaction[0m
Started GET "/users/1" for 127.0.0.1 at 2018-07-31 11:51:00 -0400
  [1m[35m (0.4ms)[0m  [1m[34mSELECT "schema_migrations"."version" FROM "schema_migrations" ORDER BY "schema_migrations"."version" ASC[0m
  ↳ /Library/Ruby/Gems/2.3.0/gems/activerecord-5.2.0/lib/active_record/log_subscriber.rb:98
Processing by UsersController#show as HTML
  Parameters: {"id"=>"1"}
  [1m[36mUser Load (0.2ms)[0m  [1m[34mSELECT  "users".* FROM "users" WHERE "users"."id" = ? LIMIT ?[0m  [["id", 1], ["LIMIT", 1]]
  ↳ app/controllers/users_controller.rb:4
  Rendering users/show.html.erb within layouts/application
  Rendered users/show.html.erb within layouts/application (1.3ms)
  Rendered layouts/_shim.html.erb (0.6ms)
  Rendered layouts/_header.html.erb (1.5ms)
  Rendered layouts/_footer.html.erb (0.9ms)
Completed 200 OK in 408ms (Views: 361.5ms | ActiveRecord: 1.2ms)


Started GET "/users/1" for 127.0.0.1 at 2018-07-31 11:52:24 -0400
Processing by UsersController#show as HTML
  Parameters: {"id"=>"1"}
  [1m[36mUser Load (0.2ms)[0m  [1m[34mSELECT  "users".* FROM "users" WHERE "users"."id" = ? LIMIT ?[0m  [["id", 1], ["LIMIT", 1]]
  ↳ app/controllers/users_controller.rb:4
  Rendering users/show.html.erb within layouts/application
  Rendered users/show.html.erb within layouts/application (0.6ms)
  Rendered layouts/_shim.html.erb (0.3ms)
  Rendered layouts/_header.html.erb (0.7ms)
  Rendered layouts/_footer.html.erb (0.6ms)
Completed 200 OK in 89ms (Views: 85.0ms | ActiveRecord: 0.2ms)


Started GET "/users/1" for 127.0.0.1 at 2018-07-31 11:53:00 -0400
Processing by UsersController#show as HTML
  Parameters: {"id"=>"1"}
  [1m[36mUser Load (0.2ms)[0m  [1m[34mSELECT  "users".* FROM "users" WHERE "users"."id" = ? LIMIT ?[0m  [["id", 1], ["LIMIT", 1]]
  ↳ app/controllers/users_controller.rb:4
  Rendering users/show.html.erb within layouts/application
  Rendered users/show.html.erb within layouts/application (0.6ms)
  Rendered layouts/_shim.html.erb (0.6ms)
  Rendered layouts/_header.html.erb (1.2ms)
  Rendered layouts/_footer.html.erb (0.8ms)
Completed 200 OK in 2242ms (Views: 2238.4ms | ActiveRecord: 0.2ms)


Started GET "/" for 127.0.0.1 at 2018-07-31 12:02:58 -0400
Processing by StaticPagesController#home as HTML
  Rendering static_pages/home.html.erb within layouts/application
  Rendered static_pages/home.html.erb within layouts/application (4.7ms)
  Rendered layouts/_shim.html.erb (0.5ms)
  Rendered layouts/_header.html.erb (1.2ms)
  Rendered layouts/_footer.html.erb (0.6ms)
Completed 200 OK in 2553ms (Views: 2547.4ms | ActiveRecord: 0.0ms)


Started GET "/signup" for 127.0.0.1 at 2018-07-31 12:03:03 -0400
Processing by UsersController#new as HTML
  Rendering users/new.html.erb within layouts/application
  Rendered users/new.html.erb within layouts/application (43.7ms)
  Rendered layouts/_shim.html.erb (0.5ms)
  Rendered layouts/_header.html.erb (1.4ms)
  Rendered layouts/_footer.html.erb (0.6ms)
Completed 200 OK in 140ms (Views: 109.1ms | ActiveRecord: 1.6ms)


Started POST "/users" for 127.0.0.1 at 2018-07-31 12:30:50 -0400
Processing by UsersController#create as HTML
  Parameters: {"utf8"=>"✓", "authenticity_token"=>"As5an0GUAoqBlJgIJs+SaeE+8CqJ06QNllEhi0VbwbuV0Aue8HlPjcQkTJqgZBzUV0mw5XTXJTLGtK6u+JnD6Q==", "user"=>{"name"=>"", "email"=>"", "password"=>"[FILTERED]", "password_confirmation"=>"[FILTERED]"}, "commit"=>"Create my account"}
Completed 500 Internal Server Error in 16ms (ActiveRecord: 0.9ms)


  
ActiveModel::ForbiddenAttributesError (ActiveModel::ForbiddenAttributesError):
  
app/controllers/users_controller.rb:12:in `create'
  [1m[35m (0.1ms)[0m  [1m[36mbegin transaction[0m
  [1m[36mUser Exists (0.3ms)[0m  [1m[34mSELECT  1 AS one FROM "users" WHERE LOWER("users"."email") = LOWER(?) LIMIT ?[0m  [["email", "foo@invalid"], ["LIMIT", 1]]
  [1m[35m (0.1ms)[0m  [1m[31mrollback transaction[0m
Started POST "/users" for 127.0.0.1 at 2018-07-31 12:42:20 -0400
  [1m[35m (0.2ms)[0m  [1m[34mSELECT "schema_migrations"."version" FROM "schema_migrations" ORDER BY "schema_migrations"."version" ASC[0m
  ↳ /Library/Ruby/Gems/2.3.0/gems/activerecord-5.2.0/lib/active_record/log_subscriber.rb:98
Processing by UsersController#create as HTML
  Parameters: {"utf8"=>"✓", "authenticity_token"=>"As5an0GUAoqBlJgIJs+SaeE+8CqJ06QNllEhi0VbwbuV0Aue8HlPjcQkTJqgZBzUV0mw5XTXJTLGtK6u+JnD6Q==", "user"=>{"name"=>"", "email"=>"", "password"=>"[FILTERED]", "password_confirmation"=>"[FILTERED]"}, "commit"=>"Create my account"}
  [1m[35m (0.1ms)[0m  [1m[36mbegin transaction[0m
  ↳ app/controllers/users_controller.rb:13
  [1m[36mUser Exists (0.2ms)[0m  [1m[34mSELECT  1 AS one FROM "users" WHERE LOWER("users"."email") = LOWER(?) LIMIT ?[0m  [["email", ""], ["LIMIT", 1]]
  ↳ app/controllers/users_controller.rb:13
  [1m[35m (0.1ms)[0m  [1m[31mrollback transaction[0m
  ↳ app/controllers/users_controller.rb:13
  Rendering users/new.html.erb within layouts/application
  Rendered shared/_error_messages.html.erb (3.2ms)
  Rendered users/new.html.erb within layouts/application (26.4ms)
  Rendered layouts/_shim.html.erb (0.6ms)
  Rendered layouts/_header.html.erb (1.4ms)
  Rendered layouts/_footer.html.erb (0.9ms)
Completed 200 OK in 3267ms (Views: 3214.2ms | ActiveRecord: 1.2ms)


Started GET "/" for 127.0.0.1 at 2018-07-31 12:42:25 -0400
Processing by StaticPagesController#home as HTML
  Rendering static_pages/home.html.erb within layouts/application
  Rendered static_pages/home.html.erb within layouts/application (2.3ms)
  Rendered layouts/_shim.html.erb (0.3ms)
  Rendered layouts/_header.html.erb (0.7ms)
  Rendered layouts/_footer.html.erb (0.6ms)
Completed 200 OK in 61ms (Views: 57.0ms | ActiveRecord: 0.0ms)


Started GET "/signup" for 127.0.0.1 at 2018-07-31 12:42:27 -0400
Processing by UsersController#new as HTML
  Rendering users/new.html.erb within layouts/application
  Rendered shared/_error_messages.html.erb (0.7ms)
  Rendered users/new.html.erb within layouts/application (7.7ms)
  Rendered layouts/_shim.html.erb (0.3ms)
  Rendered layouts/_header.html.erb (0.7ms)
  Rendered layouts/_footer.html.erb (0.5ms)
Completed 200 OK in 86ms (Views: 82.6ms | ActiveRecord: 0.0ms)


Started POST "/users" for 127.0.0.1 at 2018-07-31 12:42:28 -0400
Processing by UsersController#create as HTML
  Parameters: {"utf8"=>"✓", "authenticity_token"=>"A22csacPgOw23vsMET1ZJxZbtHpln9eI3Ki8WKJy9AmUc82wFuLN63NuL56XlteaoCz0tZibVreMTTN9H7D2Ww==", "user"=>{"name"=>"", "email"=>"", "password"=>"[FILTERED]", "password_confirmation"=>"[FILTERED]"}, "commit"=>"Create my account"}
  [1m[35m (0.1ms)[0m  [1m[36mbegin transaction[0m
  ↳ app/controllers/users_controller.rb:13
  [1m[36mUser Exists (0.3ms)[0m  [1m[34mSELECT  1 AS one FROM "users" WHERE LOWER("users"."email") = LOWER(?) LIMIT ?[0m  [["email", ""], ["LIMIT", 1]]
  ↳ app/controllers/users_controller.rb:13
  [1m[35m (0.1ms)[0m  [1m[31mrollback transaction[0m
  ↳ app/controllers/users_controller.rb:13
  Rendering users/new.html.erb within layouts/application
  Rendered shared/_error_messages.html.erb (1.8ms)
  Rendered users/new.html.erb within layouts/application (8.1ms)
  Rendered layouts/_shim.html.erb (0.3ms)
  Rendered layouts/_header.html.erb (0.7ms)
  Rendered layouts/_footer.html.erb (0.5ms)
Completed 200 OK in 83ms (Views: 72.5ms | ActiveRecord: 0.5ms)


  [1m[35m (0.1ms)[0m  [1m[34mSELECT COUNT(*) FROM "users"[0m
  [1m[35m (1.5ms)[0m  [1m[34mSELECT "schema_migrations"."version" FROM "schema_migrations" ORDER BY "schema_migrations"."version" ASC[0m
  ↳ bin/rails:9
  [1m[35m (1.7ms)[0m  [1m[34mSELECT "ar_internal_metadata"."value" FROM "ar_internal_metadata" WHERE "ar_internal_metadata"."key" = ?[0m  [["key", "environment"]]
  ↳ bin/rails:9
  [1m[35m (0.1ms)[0m  [1m[34mSELECT "schema_migrations"."version" FROM "schema_migrations" ORDER BY "schema_migrations"."version" ASC[0m
  ↳ bin/rails:9
  [1m[35m (0.1ms)[0m  [1m[34mSELECT "ar_internal_metadata"."value" FROM "ar_internal_metadata" WHERE "ar_internal_metadata"."key" = ?[0m  [["key", "environment"]]
  ↳ bin/rails:9
  [1m[35m (0.1ms)[0m  [1m[34mSELECT "schema_migrations"."version" FROM "schema_migrations" ORDER BY "schema_migrations"."version" ASC[0m
  ↳ bin/rails:9
  [1m[35m (0.1ms)[0m  [1m[34mSELECT "ar_internal_metadata"."value" FROM "ar_internal_metadata" WHERE "ar_internal_metadata"."key" = ?[0m  [["key", "environment"]]
  ↳ bin/rails:9
  [1m[35m (0.1ms)[0m  [1m[34mSELECT sqlite_version(*)[0m
  ↳ bin/rails:9
  [1m[35m (2.4ms)[0m  [1m[35mCREATE TABLE "schema_migrations" ("version" varchar NOT NULL PRIMARY KEY)[0m
  ↳ bin/rails:9
  [1m[35m (2.3ms)[0m  [1m[35mCREATE TABLE "ar_internal_metadata" ("key" varchar NOT NULL PRIMARY KEY, "value" varchar, "created_at" datetime NOT NULL, "updated_at" datetime NOT NULL)[0m
  ↳ bin/rails:9
  [1m[35m (0.1ms)[0m  [1m[34mSELECT "schema_migrations"."version" FROM "schema_migrations" ORDER BY "schema_migrations"."version" ASC[0m
  ↳ bin/rails:9
Migrating to CreateUsers (20180730161204)
  [1m[35m (0.1ms)[0m  [1m[36mbegin transaction[0m
  ↳ bin/rails:9
  [1m[35m (0.7ms)[0m  [1m[35mCREATE TABLE "users" ("id" integer PRIMARY KEY AUTOINCREMENT NOT NULL, "name" varchar, "email" varchar, "created_at" datetime NOT NULL, "updated_at" datetime NOT NULL)[0m
  ↳ db/migrate/20180730161204_create_users.rb:3
  [1m[36mActiveRecord::SchemaMigration Create (0.2ms)[0m  [1m[32mINSERT INTO "schema_migrations" ("version") VALUES (?)[0m  [["version", "20180730161204"]]
  ↳ bin/rails:9
  [1m[35m (2.2ms)[0m  [1m[36mcommit transaction[0m
  ↳ bin/rails:9
Migrating to AddIndexToUsersEmail (20180731134734)
  [1m[35m (0.1ms)[0m  [1m[36mbegin transaction[0m
  ↳ bin/rails:9
  [1m[35m (0.5ms)[0m  [1m[35mCREATE UNIQUE INDEX "index_users_on_email" ON "users" ("email")[0m
  ↳ db/migrate/20180731134734_add_index_to_users_email.rb:3
  [1m[36mActiveRecord::SchemaMigration Create (0.4ms)[0m  [1m[32mINSERT INTO "schema_migrations" ("version") VALUES (?)[0m  [["version", "20180731134734"]]
  ↳ bin/rails:9
  [1m[35m (2.2ms)[0m  [1m[36mcommit transaction[0m
  ↳ bin/rails:9
Migrating to AddPasswordDigestToUsers (20180731140800)
  [1m[35m (0.1ms)[0m  [1m[36mbegin transaction[0m
  ↳ bin/rails:9
  [1m[35m (0.8ms)[0m  [1m[35mALTER TABLE "users" ADD "password_digest" varchar[0m
  ↳ db/migrate/20180731140800_add_password_digest_to_users.rb:3
  [1m[36mActiveRecord::SchemaMigration Create (0.3ms)[0m  [1m[32mINSERT INTO "schema_migrations" ("version") VALUES (?)[0m  [["version", "20180731140800"]]
  ↳ bin/rails:9
  [1m[35m (2.1ms)[0m  [1m[36mcommit transaction[0m
  ↳ bin/rails:9
  [1m[36mActiveRecord::InternalMetadata Load (0.4ms)[0m  [1m[34mSELECT  "ar_internal_metadata".* FROM "ar_internal_metadata" WHERE "ar_internal_metadata"."key" = ? LIMIT ?[0m  [["key", "environment"], ["LIMIT", 1]]
  ↳ bin/rails:9
  [1m[35m (0.1ms)[0m  [1m[36mbegin transaction[0m
  ↳ bin/rails:9
  [1m[36mActiveRecord::InternalMetadata Create (0.4ms)[0m  [1m[32mINSERT INTO "ar_internal_metadata" ("key", "value", "created_at", "updated_at") VALUES (?, ?, ?, ?)[0m  [["key", "environment"], ["value", "development"], ["created_at", "2018-07-31 17:05:42.440768"], ["updated_at", "2018-07-31 17:05:42.440768"]]
  ↳ bin/rails:9
  [1m[35m (1.9ms)[0m  [1m[36mcommit transaction[0m
  ↳ bin/rails:9
  [1m[35m (0.1ms)[0m  [1m[34mSELECT "schema_migrations"."version" FROM "schema_migrations" ORDER BY "schema_migrations"."version" ASC[0m
  ↳ bin/rails:9
Started GET "/" for 127.0.0.1 at 2018-07-31 13:08:25 -0400
  [1m[35m (0.2ms)[0m  [1m[34mSELECT "schema_migrations"."version" FROM "schema_migrations" ORDER BY "schema_migrations"."version" ASC[0m
  ↳ /Library/Ruby/Gems/2.3.0/gems/activerecord-5.2.0/lib/active_record/log_subscriber.rb:98
Processing by StaticPagesController#home as HTML
  Rendering static_pages/home.html.erb within layouts/application
  Rendered static_pages/home.html.erb within layouts/application (386.2ms)
  Rendered layouts/_shim.html.erb (0.6ms)
  Rendered layouts/_header.html.erb (1.1ms)
  Rendered layouts/_footer.html.erb (0.8ms)
Completed 200 OK in 596ms (Views: 564.4ms | ActiveRecord: 0.0ms)


Started GET "/signup" for 127.0.0.1 at 2018-07-31 13:08:29 -0400
Processing by UsersController#new as HTML
  Rendering users/new.html.erb within layouts/application
  Rendered shared/_error_messages.html.erb (0.6ms)
  Rendered users/new.html.erb within layouts/application (31.3ms)
  Rendered layouts/_shim.html.erb (0.3ms)
  Rendered layouts/_header.html.erb (1.0ms)
  Rendered layouts/_footer.html.erb (0.8ms)
Completed 200 OK in 148ms (Views: 86.6ms | ActiveRecord: 1.3ms)


Started POST "/users" for 127.0.0.1 at 2018-07-31 13:08:56 -0400
Processing by UsersController#create as HTML
  Parameters: {"utf8"=>"✓", "authenticity_token"=>"GQAnFUIqbx/ZwQT+KXPFdY5vnow4v+Bku6BFVNTUc8mOHnYU88ciGJxx0Gyv2EvIOBjeQ8W7YVvrRcpxaRZxmw==", "user"=>{"name"=>"Furaha Damien", "email"=>"furaha.damien@mail.mcgill.ca", "password"=>"[FILTERED]", "password_confirmation"=>"[FILTERED]"}, "commit"=>"Create my account"}
  [1m[35m (0.2ms)[0m  [1m[36mbegin transaction[0m
  ↳ app/controllers/users_controller.rb:13
  [1m[36mUser Exists (0.3ms)[0m  [1m[34mSELECT  1 AS one FROM "users" WHERE LOWER("users"."email") = LOWER(?) LIMIT ?[0m  [["email", "furaha.damien@mail.mcgill.ca"], ["LIMIT", 1]]
  ↳ app/controllers/users_controller.rb:13
  [1m[36mUser Create (0.7ms)[0m  [1m[32mINSERT INTO "users" ("name", "email", "created_at", "updated_at", "password_digest") VALUES (?, ?, ?, ?, ?)[0m  [["name", "Furaha Damien"], ["email", "furaha.damien@mail.mcgill.ca"], ["created_at", "2018-07-31 17:08:56.812091"], ["updated_at", "2018-07-31 17:08:56.812091"], ["password_digest", "$2a$10$8w4AgWBi7czfa1mhtr2wLOPjoKrg5SMOvWbehAzwf0OgUceXV6hVq"]]
  ↳ app/controllers/users_controller.rb:13
  [1m[35m (3.1ms)[0m  [1m[36mcommit transaction[0m
  ↳ app/controllers/users_controller.rb:13
Redirected to http://localhost:3000/users/1
Completed 302 Found in 92ms (ActiveRecord: 4.3ms)


Started GET "/users/1" for 127.0.0.1 at 2018-07-31 13:08:56 -0400
Processing by UsersController#show as HTML
  Parameters: {"id"=>"1"}
  [1m[36mUser Load (0.3ms)[0m  [1m[34mSELECT  "users".* FROM "users" WHERE "users"."id" = ? LIMIT ?[0m  [["id", 1], ["LIMIT", 1]]
  ↳ app/controllers/users_controller.rb:4
  Rendering users/show.html.erb within layouts/application
  Rendered users/show.html.erb within layouts/application (0.7ms)
  Rendered layouts/_shim.html.erb (0.3ms)
  Rendered layouts/_header.html.erb (0.6ms)
  Rendered layouts/_footer.html.erb (0.8ms)
Completed 200 OK in 83ms (Views: 73.5ms | ActiveRecord: 0.3ms)


Started GET "/" for 127.0.0.1 at 2018-08-01 10:59:01 -0400
  [1m[35m (0.2ms)[0m  [1m[34mSELECT "schema_migrations"."version" FROM "schema_migrations" ORDER BY "schema_migrations"."version" ASC[0m
  ↳ /Library/Ruby/Gems/2.3.0/gems/activerecord-5.2.0/lib/active_record/log_subscriber.rb:98
Processing by StaticPagesController#home as HTML
  Rendering static_pages/home.html.erb within layouts/application
  Rendered static_pages/home.html.erb within layouts/application (246.7ms)
Completed 500 Internal Server Error in 292ms (ActiveRecord: 0.0ms)


  
ActionView::Template::Error (couldn't find file 'jquery' with type 'application/javascript'
Checked in these paths: 
  /Users/admin/Desktop/environment/sample_app/app/assets/config
  /Users/admin/Desktop/environment/sample_app/app/assets/images
  /Users/admin/Desktop/environment/sample_app/app/assets/javascripts
  /Users/admin/Desktop/environment/sample_app/app/assets/stylesheets
  /Library/Ruby/Gems/2.3.0/gems/coffee-rails-4.2.2/lib/assets/javascripts
  /Library/Ruby/Gems/2.3.0/gems/actioncable-5.2.0/lib/assets/compiled
  /Library/Ruby/Gems/2.3.0/gems/activestorage-5.2.0/app/assets/javascripts
  /Library/Ruby/Gems/2.3.0/gems/actionview-5.2.0/lib/assets/compiled
  /Library/Ruby/Gems/2.3.0/gems/turbolinks-source-5.1.0/lib/assets/javascripts
  /Users/admin/Desktop/environment/sample_app/node_modules
  /Library/Ruby/Gems/2.3.0/gems/bootstrap-sass-3.3.7/assets/stylesheets
  /Library/Ruby/Gems/2.3.0/gems/bootstrap-sass-3.3.7/assets/javascripts
  /Library/Ruby/Gems/2.3.0/gems/bootstrap-sass-3.3.7/assets/fonts
  /Library/Ruby/Gems/2.3.0/gems/bootstrap-sass-3.3.7/assets/images):
    10:   <%= link_to "Sign up now!", signup_path, class: "btn btn-lg btn-primary" %>
    11: </div>
    12: 
    13: <%= link_to image_tag("rails.png", alt: "Rails logo"),
    14:             'http://rubyonrails.org/' %>
  
app/assets/javascripts/application.js:13
app/views/static_pages/home.html.erb:13:in `_app_views_static_pages_home_html_erb__3131106598221125200_70176289345000'
Started GET "/" for 127.0.0.1 at 2018-08-01 11:00:01 -0400
  [1m[35m (0.2ms)[0m  [1m[34mSELECT "schema_migrations"."version" FROM "schema_migrations" ORDER BY "schema_migrations"."version" ASC[0m
  ↳ /Library/Ruby/Gems/2.3.0/gems/activerecord-5.2.0/lib/active_record/log_subscriber.rb:98
Processing by StaticPagesController#home as HTML
  Rendering static_pages/home.html.erb within layouts/application
  Rendered static_pages/home.html.erb within layouts/application (578.3ms)
  Rendered layouts/_shim.html.erb (1.1ms)
  [1m[36mUser Load (0.7ms)[0m  [1m[34mSELECT  "users".* FROM "users" WHERE "users"."id" IS NULL LIMIT ?[0m  [["LIMIT", 1]]
  ↳ app/helpers/sessions_helper.rb:10
  Rendered layouts/_header.html.erb (20.8ms)
  Rendered layouts/_footer.html.erb (1.8ms)
Completed 200 OK in 873ms (Views: 840.2ms | ActiveRecord: 1.3ms)


Started GET "/login" for 127.0.0.1 at 2018-08-01 11:00:05 -0400
Processing by SessionsController#new as HTML
  Rendering sessions/new.html.erb within layouts/application
  Rendered sessions/new.html.erb within layouts/application (15.4ms)
  Rendered layouts/_shim.html.erb (0.7ms)
  [1m[36mUser Load (0.2ms)[0m  [1m[34mSELECT  "users".* FROM "users" WHERE "users"."id" IS NULL LIMIT ?[0m  [["LIMIT", 1]]
  ↳ app/helpers/sessions_helper.rb:10
  Rendered layouts/_header.html.erb (2.6ms)
  Rendered layouts/_footer.html.erb (1.1ms)
Completed 200 OK in 125ms (Views: 114.3ms | ActiveRecord: 0.2ms)


Started POST "/login" for 127.0.0.1 at 2018-08-01 11:00:20 -0400
Processing by SessionsController#create as HTML
  Parameters: {"utf8"=>"✓", "authenticity_token"=>"oEclJcInzoV0Lf8RCd7EdIOCXkvwi4JUc0qbOSdbe8dF2RouFFZRd6ANrFXXY6eSj8U6W3eZM9QMKgxiNIhsPw==", "session"=>{"email"=>"furaha.damien@mail.mcgill.ca", "password"=>"[FILTERED]"}, "commit"=>"Log in"}
  [1m[36mUser Load (0.6ms)[0m  [1m[34mSELECT  "users".* FROM "users" WHERE "users"."email" = ? LIMIT ?[0m  [["email", "furaha.damien@mail.mcgill.ca"], ["LIMIT", 1]]
  ↳ app/controllers/sessions_controller.rb:7
Redirected to http://localhost:3000/users/1
Completed 302 Found in 111ms (ActiveRecord: 2.0ms)


Started GET "/users/1" for 127.0.0.1 at 2018-08-01 11:00:20 -0400
Processing by UsersController#show as HTML
  Parameters: {"id"=>"1"}
  [1m[36mUser Load (0.4ms)[0m  [1m[34mSELECT  "users".* FROM "users" WHERE "users"."id" = ? LIMIT ?[0m  [["id", 1], ["LIMIT", 1]]
  ↳ app/controllers/users_controller.rb:4
  Rendering users/show.html.erb within layouts/application
  Rendered users/show.html.erb within layouts/application (0.9ms)
  Rendered layouts/_shim.html.erb (0.4ms)
  [1m[36mUser Load (0.3ms)[0m  [1m[34mSELECT  "users".* FROM "users" WHERE "users"."id" = ? LIMIT ?[0m  [["id", 1], ["LIMIT", 1]]
  ↳ app/helpers/sessions_helper.rb:10
  Rendered layouts/_header.html.erb (4.0ms)
  Rendered layouts/_footer.html.erb (0.6ms)
Completed 200 OK in 83ms (Views: 77.6ms | ActiveRecord: 0.6ms)


Started GET "/users/1" for 127.0.0.1 at 2018-08-01 11:00:23 -0400
Processing by UsersController#show as HTML
  Parameters: {"id"=>"1"}
  [1m[36mUser Load (0.2ms)[0m  [1m[34mSELECT  "users".* FROM "users" WHERE "users"."id" = ? LIMIT ?[0m  [["id", 1], ["LIMIT", 1]]
  ↳ app/controllers/users_controller.rb:4
  Rendering users/show.html.erb within layouts/application
  Rendered users/show.html.erb within layouts/application (1.1ms)
  Rendered layouts/_shim.html.erb (0.4ms)
  [1m[36mUser Load (0.1ms)[0m  [1m[34mSELECT  "users".* FROM "users" WHERE "users"."id" = ? LIMIT ?[0m  [["id", 1], ["LIMIT", 1]]
  ↳ app/helpers/sessions_helper.rb:10
  Rendered layouts/_header.html.erb (2.0ms)
  Rendered layouts/_footer.html.erb (0.5ms)
Completed 200 OK in 87ms (Views: 77.5ms | ActiveRecord: 0.3ms)


Started GET "/users/1" for 127.0.0.1 at 2018-08-01 11:00:25 -0400
Processing by UsersController#show as HTML
  Parameters: {"id"=>"1"}
  [1m[36mUser Load (0.3ms)[0m  [1m[34mSELECT  "users".* FROM "users" WHERE "users"."id" = ? LIMIT ?[0m  [["id", 1], ["LIMIT", 1]]
  ↳ app/controllers/users_controller.rb:4
  Rendering users/show.html.erb within layouts/application
  Rendered users/show.html.erb within layouts/application (0.8ms)
  Rendered layouts/_shim.html.erb (0.5ms)
  [1m[36mUser Load (0.2ms)[0m  [1m[34mSELECT  "users".* FROM "users" WHERE "users"."id" = ? LIMIT ?[0m  [["id", 1], ["LIMIT", 1]]
  ↳ app/helpers/sessions_helper.rb:10
  Rendered layouts/_header.html.erb (3.1ms)
  Rendered layouts/_footer.html.erb (1.1ms)
Completed 200 OK in 117ms (Views: 110.3ms | ActiveRecord: 0.5ms)


Started GET "/users/1" for 127.0.0.1 at 2018-08-01 11:00:30 -0400
Processing by UsersController#show as HTML
  Parameters: {"id"=>"1"}
  [1m[36mUser Load (0.3ms)[0m  [1m[34mSELECT  "users".* FROM "users" WHERE "users"."id" = ? LIMIT ?[0m  [["id", 1], ["LIMIT", 1]]
  ↳ app/controllers/users_controller.rb:4
  Rendering users/show.html.erb within layouts/application
  Rendered users/show.html.erb within layouts/application (1.3ms)
  Rendered layouts/_shim.html.erb (0.4ms)
  [1m[36mUser Load (0.2ms)[0m  [1m[34mSELECT  "users".* FROM "users" WHERE "users"."id" = ? LIMIT ?[0m  [["id", 1], ["LIMIT", 1]]
  ↳ app/helpers/sessions_helper.rb:10
  Rendered layouts/_header.html.erb (2.6ms)
  Rendered layouts/_footer.html.erb (0.8ms)
Completed 200 OK in 117ms (Views: 106.4ms | ActiveRecord: 0.5ms)


Started GET "/users/1" for 127.0.0.1 at 2018-08-01 11:00:31 -0400
Processing by UsersController#show as HTML
  Parameters: {"id"=>"1"}
  [1m[36mUser Load (0.2ms)[0m  [1m[34mSELECT  "users".* FROM "users" WHERE "users"."id" = ? LIMIT ?[0m  [["id", 1], ["LIMIT", 1]]
  ↳ app/controllers/users_controller.rb:4
  Rendering users/show.html.erb within layouts/application
  Rendered users/show.html.erb within layouts/application (0.8ms)
  Rendered layouts/_shim.html.erb (0.4ms)
  [1m[36mUser Load (0.2ms)[0m  [1m[34mSELECT  "users".* FROM "users" WHERE "users"."id" = ? LIMIT ?[0m  [["id", 1], ["LIMIT", 1]]
  ↳ app/helpers/sessions_helper.rb:10
  Rendered layouts/_header.html.erb (2.3ms)
  Rendered layouts/_footer.html.erb (0.6ms)
Completed 200 OK in 92ms (Views: 85.4ms | ActiveRecord: 0.4ms)


Started GET "/users/1" for 127.0.0.1 at 2018-08-01 11:00:31 -0400
Processing by UsersController#show as HTML
  Parameters: {"id"=>"1"}
  [1m[36mUser Load (0.2ms)[0m  [1m[34mSELECT  "users".* FROM "users" WHERE "users"."id" = ? LIMIT ?[0m  [["id", 1], ["LIMIT", 1]]
  ↳ app/controllers/users_controller.rb:4
  Rendering users/show.html.erb within layouts/application
  Rendered users/show.html.erb within layouts/application (0.9ms)
  Rendered layouts/_shim.html.erb (0.4ms)
  [1m[36mUser Load (0.2ms)[0m  [1m[34mSELECT  "users".* FROM "users" WHERE "users"."id" = ? LIMIT ?[0m  [["id", 1], ["LIMIT", 1]]
  ↳ app/helpers/sessions_helper.rb:10
  Rendered layouts/_header.html.erb (2.5ms)
  Rendered layouts/_footer.html.erb (0.6ms)
Completed 200 OK in 118ms (Views: 110.9ms | ActiveRecord: 0.4ms)


Started GET "/" for 127.0.0.1 at 2018-08-01 11:01:47 -0400
Processing by StaticPagesController#home as HTML
  Rendering static_pages/home.html.erb within layouts/application
  Rendered static_pages/home.html.erb within layouts/application (3.0ms)
Completed 500 Internal Server Error in 71ms (ActiveRecord: 0.0ms)


  
ActionView::Template::Error (couldn't find file 'jquery' with type 'application/javascript'
Checked in these paths: 
  /Users/admin/Desktop/environment/sample_app/app/assets/config
  /Users/admin/Desktop/environment/sample_app/app/assets/images
  /Users/admin/Desktop/environment/sample_app/app/assets/javascripts
  /Users/admin/Desktop/environment/sample_app/app/assets/stylesheets
  /Library/Ruby/Gems/2.3.0/gems/coffee-rails-4.2.2/lib/assets/javascripts
  /Library/Ruby/Gems/2.3.0/gems/actioncable-5.2.0/lib/assets/compiled
  /Library/Ruby/Gems/2.3.0/gems/activestorage-5.2.0/app/assets/javascripts
  /Library/Ruby/Gems/2.3.0/gems/actionview-5.2.0/lib/assets/compiled
  /Library/Ruby/Gems/2.3.0/gems/turbolinks-source-5.1.0/lib/assets/javascripts
  /Users/admin/Desktop/environment/sample_app/node_modules
  /Library/Ruby/Gems/2.3.0/gems/bootstrap-sass-3.3.7/assets/stylesheets
  /Library/Ruby/Gems/2.3.0/gems/bootstrap-sass-3.3.7/assets/javascripts
  /Library/Ruby/Gems/2.3.0/gems/bootstrap-sass-3.3.7/assets/fonts
  /Library/Ruby/Gems/2.3.0/gems/bootstrap-sass-3.3.7/assets/images):
     5:     <%= csrf_meta_tags %>
     6:     <%= stylesheet_link_tag    'application', media: 'all',
     7:                                               'data-turbolinks-track': 'reload' %>
     8:     <%= javascript_include_tag 'application', 'data-turbolinks-track': 'reload' %>
     9:     
    10:     <%= render 'layouts/shim' %>
    11:   </head>
  
app/assets/javascripts/application.js:13
app/views/layouts/application.html.erb:8:in `_app_views_layouts_application_html_erb__566385719285938985_70176294874980'
Started GET "/" for 127.0.0.1 at 2018-08-01 11:09:15 -0400
  [1m[35m (0.2ms)[0m  [1m[34mSELECT "schema_migrations"."version" FROM "schema_migrations" ORDER BY "schema_migrations"."version" ASC[0m
  ↳ /Library/Ruby/Gems/2.3.0/gems/activerecord-5.2.0/lib/active_record/log_subscriber.rb:98
Processing by StaticPagesController#home as HTML
  Rendering static_pages/home.html.erb within layouts/application
  Rendered static_pages/home.html.erb within layouts/application (3897.6ms)
  Rendered layouts/_shim.html.erb (0.5ms)
  [1m[36mUser Load (0.3ms)[0m  [1m[34mSELECT  "users".* FROM "users" WHERE "users"."id" = ? LIMIT ?[0m  [["id", 1], ["LIMIT", 1]]
  ↳ app/helpers/sessions_helper.rb:10
  Rendered layouts/_header.html.erb (26.9ms)
  Rendered layouts/_footer.html.erb (0.9ms)
Completed 200 OK in 4267ms (Views: 4215.8ms | ActiveRecord: 1.5ms)


Started DELETE "/logout" for 127.0.0.1 at 2018-08-01 11:09:31 -0400
Processing by SessionsController#destroy as HTML
  Parameters: {"authenticity_token"=>"uzE4FQwF4+87XrbtqzWwnZ0FJnnrF2GucD39jN3hvmptdeY9/Vij0YDSLcv0W+bYvLySHDozjSNdjHzsVx11hQ=="}
No template found for SessionsController#destroy, rendering head :no_content
Completed 204 No Content in 148ms (ActiveRecord: 0.0ms)


Started GET "/" for 127.0.0.1 at 2018-08-01 11:09:35 -0400
Processing by StaticPagesController#home as HTML
  Rendering static_pages/home.html.erb within layouts/application
  Rendered static_pages/home.html.erb within layouts/application (4.3ms)
  Rendered layouts/_shim.html.erb (0.3ms)
  [1m[36mUser Load (0.2ms)[0m  [1m[34mSELECT  "users".* FROM "users" WHERE "users"."id" = ? LIMIT ?[0m  [["id", 1], ["LIMIT", 1]]
  ↳ app/helpers/sessions_helper.rb:10
  Rendered layouts/_header.html.erb (2.8ms)
  Rendered layouts/_footer.html.erb (0.5ms)
Completed 200 OK in 106ms (Views: 100.8ms | ActiveRecord: 0.2ms)


Started GET "/" for 127.0.0.1 at 2018-08-01 11:09:42 -0400
Processing by StaticPagesController#home as HTML
  Rendering static_pages/home.html.erb within layouts/application
  Rendered static_pages/home.html.erb within layouts/application (3.4ms)
  Rendered layouts/_shim.html.erb (0.4ms)
  [1m[36mUser Load (0.2ms)[0m  [1m[34mSELECT  "users".* FROM "users" WHERE "users"."id" = ? LIMIT ?[0m  [["id", 1], ["LIMIT", 1]]
  ↳ app/helpers/sessions_helper.rb:10
  Rendered layouts/_header.html.erb (2.6ms)
  Rendered layouts/_footer.html.erb (0.6ms)
Completed 200 OK in 114ms (Views: 107.7ms | ActiveRecord: 0.2ms)


Started GET "/" for 127.0.0.1 at 2018-08-01 11:09:48 -0400
Processing by StaticPagesController#home as HTML
  Rendering static_pages/home.html.erb within layouts/application
  Rendered static_pages/home.html.erb within layouts/application (3.9ms)
  Rendered layouts/_shim.html.erb (0.5ms)
  [1m[36mUser Load (0.2ms)[0m  [1m[34mSELECT  "users".* FROM "users" WHERE "users"."id" = ? LIMIT ?[0m  [["id", 1], ["LIMIT", 1]]
  ↳ app/helpers/sessions_helper.rb:10
  Rendered layouts/_header.html.erb (3.7ms)
  Rendered layouts/_footer.html.erb (0.8ms)
Completed 200 OK in 91ms (Views: 87.4ms | ActiveRecord: 0.2ms)


Started GET "/" for 127.0.0.1 at 2018-08-01 11:09:59 -0400
Processing by StaticPagesController#home as HTML
  Rendering static_pages/home.html.erb within layouts/application
  Rendered static_pages/home.html.erb within layouts/application (2.2ms)
  Rendered layouts/_shim.html.erb (0.4ms)
  [1m[36mUser Load (0.2ms)[0m  [1m[34mSELECT  "users".* FROM "users" WHERE "users"."id" = ? LIMIT ?[0m  [["id", 1], ["LIMIT", 1]]
  ↳ app/helpers/sessions_helper.rb:10
  Rendered layouts/_header.html.erb (2.7ms)
  Rendered layouts/_footer.html.erb (0.4ms)
Completed 200 OK in 82ms (Views: 78.7ms | ActiveRecord: 0.2ms)


Started GET "/help" for 127.0.0.1 at 2018-08-01 11:10:02 -0400
Processing by StaticPagesController#help as HTML
  Rendering static_pages/help.html.erb within layouts/application
  Rendered static_pages/help.html.erb within layouts/application (0.7ms)
  Rendered layouts/_shim.html.erb (0.5ms)
  [1m[36mUser Load (0.3ms)[0m  [1m[34mSELECT  "users".* FROM "users" WHERE "users"."id" = ? LIMIT ?[0m  [["id", 1], ["LIMIT", 1]]
  ↳ app/helpers/sessions_helper.rb:10
  Rendered layouts/_header.html.erb (3.6ms)
  Rendered layouts/_footer.html.erb (1.3ms)
Completed 200 OK in 108ms (Views: 103.3ms | ActiveRecord: 0.3ms)


Started GET "/" for 127.0.0.1 at 2018-08-01 11:10:03 -0400
Processing by StaticPagesController#home as HTML
  Rendering static_pages/home.html.erb within layouts/application
  Rendered static_pages/home.html.erb within layouts/application (4.9ms)
  Rendered layouts/_shim.html.erb (0.5ms)
  [1m[36mUser Load (0.2ms)[0m  [1m[34mSELECT  "users".* FROM "users" WHERE "users"."id" = ? LIMIT ?[0m  [["id", 1], ["LIMIT", 1]]
  ↳ app/helpers/sessions_helper.rb:10
  Rendered layouts/_header.html.erb (2.4ms)
  Rendered layouts/_footer.html.erb (0.6ms)
Completed 200 OK in 103ms (Views: 96.9ms | ActiveRecord: 0.2ms)


Started GET "/signup" for 127.0.0.1 at 2018-08-01 11:11:48 -0400
Processing by UsersController#new as HTML
  Rendering users/new.html.erb within layouts/application
  Rendered shared/_error_messages.html.erb (0.6ms)
  Rendered users/new.html.erb within layouts/application (35.4ms)
  Rendered layouts/_shim.html.erb (0.4ms)
  [1m[36mUser Load (0.2ms)[0m  [1m[34mSELECT  "users".* FROM "users" WHERE "users"."id" = ? LIMIT ?[0m  [["id", 1], ["LIMIT", 1]]
  ↳ app/helpers/sessions_helper.rb:10
  Rendered layouts/_header.html.erb (3.3ms)
  Rendered layouts/_footer.html.erb (0.6ms)
Completed 200 OK in 174ms (Views: 164.8ms | ActiveRecord: 0.2ms)


Started GET "/" for 127.0.0.1 at 2018-08-01 11:22:57 -0400
  [1m[35m (0.2ms)[0m  [1m[34mSELECT "schema_migrations"."version" FROM "schema_migrations" ORDER BY "schema_migrations"."version" ASC[0m
  ↳ /Library/Ruby/Gems/2.3.0/gems/activerecord-5.2.0/lib/active_record/log_subscriber.rb:98
Processing by StaticPagesController#home as HTML
  Rendering static_pages/home.html.erb within layouts/application
  Rendered static_pages/home.html.erb within layouts/application (284.7ms)
  Rendered layouts/_shim.html.erb (0.6ms)
  [1m[36mUser Load (0.3ms)[0m  [1m[34mSELECT  "users".* FROM "users" WHERE "users"."id" = ? LIMIT ?[0m  [["id", 1], ["LIMIT", 1]]
  ↳ app/helpers/sessions_helper.rb:10
  Rendered layouts/_header.html.erb (30.9ms)
  Rendered layouts/_footer.html.erb (1.0ms)
Completed 200 OK in 545ms (Views: 509.4ms | ActiveRecord: 1.8ms)


Started DELETE "/logout" for 127.0.0.1 at 2018-08-01 11:23:01 -0400
Processing by SessionsController#destroy as HTML
  Parameters: {"authenticity_token"=>"NPxt4b8Oom631XKuI0Qtag0dfzlHQYO3WJOSnnTXE9jiuLPJTlPiUAxZ6Yh8KnsvLKTLXJZlbzp1IhP+/ivYNw=="}
Redirected to http://localhost:3000/
Completed 302 Found in 6ms (ActiveRecord: 0.0ms)


Started GET "/" for 127.0.0.1 at 2018-08-01 11:23:01 -0400
Processing by StaticPagesController#home as HTML
  Rendering static_pages/home.html.erb within layouts/application
  Rendered static_pages/home.html.erb within layouts/application (6.9ms)
  Rendered layouts/_shim.html.erb (0.3ms)
  [1m[36mUser Load (0.6ms)[0m  [1m[34mSELECT  "users".* FROM "users" WHERE "users"."id" IS NULL LIMIT ?[0m  [["LIMIT", 1]]
  ↳ app/helpers/sessions_helper.rb:10
  Rendered layouts/_header.html.erb (5.7ms)
  Rendered layouts/_footer.html.erb (0.9ms)
Completed 200 OK in 149ms (Views: 143.6ms | ActiveRecord: 0.6ms)


Started GET "/login" for 127.0.0.1 at 2018-08-01 11:23:04 -0400
Processing by SessionsController#new as HTML
  Rendering sessions/new.html.erb within layouts/application
  Rendered sessions/new.html.erb within layouts/application (25.0ms)
  Rendered layouts/_shim.html.erb (0.5ms)
  [1m[36mUser Load (0.3ms)[0m  [1m[34mSELECT  "users".* FROM "users" WHERE "users"."id" IS NULL LIMIT ?[0m  [["LIMIT", 1]]
  ↳ app/helpers/sessions_helper.rb:10
  Rendered layouts/_header.html.erb (3.9ms)
  Rendered layouts/_footer.html.erb (0.9ms)
Completed 200 OK in 134ms (Views: 128.9ms | ActiveRecord: 0.3ms)


Started POST "/login" for 127.0.0.1 at 2018-08-01 11:23:20 -0400
Processing by SessionsController#create as HTML
  Parameters: {"utf8"=>"✓", "authenticity_token"=>"z6FuaxVJyL/q9Dhvv2DF6xHivyqJeRL2ZrUT/pyDfBUqP1FgwzhXTT7Uayth3aYNHaXbOg5ro3YZ1YSlj1Br7Q==", "session"=>{"email"=>"furaha.damien@mail.mcgill.ca", "password"=>"[FILTERED]"}, "commit"=>"Log in"}
  [1m[36mUser Load (0.4ms)[0m  [1m[34mSELECT  "users".* FROM "users" WHERE "users"."email" = ? LIMIT ?[0m  [["email", "furaha.damien@mail.mcgill.ca"], ["LIMIT", 1]]
  ↳ app/controllers/sessions_controller.rb:7
Redirected to http://localhost:3000/users/1
Completed 302 Found in 95ms (ActiveRecord: 0.4ms)


Started GET "/users/1" for 127.0.0.1 at 2018-08-01 11:23:20 -0400
Processing by UsersController#show as HTML
  Parameters: {"id"=>"1"}
  [1m[36mUser Load (0.2ms)[0m  [1m[34mSELECT  "users".* FROM "users" WHERE "users"."id" = ? LIMIT ?[0m  [["id", 1], ["LIMIT", 1]]
  ↳ app/controllers/users_controller.rb:4
  Rendering users/show.html.erb within layouts/application
  Rendered users/show.html.erb within layouts/application (0.6ms)
  Rendered layouts/_shim.html.erb (0.5ms)
  [1m[36mUser Load (0.2ms)[0m  [1m[34mSELECT  "users".* FROM "users" WHERE "users"."id" = ? LIMIT ?[0m  [["id", 1], ["LIMIT", 1]]
  ↳ app/helpers/sessions_helper.rb:10
  Rendered layouts/_header.html.erb (2.8ms)
  Rendered layouts/_footer.html.erb (0.7ms)
Completed 200 OK in 86ms (Views: 80.3ms | ActiveRecord: 0.4ms)


Started DELETE "/logout" for 127.0.0.1 at 2018-08-01 11:23:28 -0400
Processing by SessionsController#destroy as HTML
  Parameters: {"authenticity_token"=>"Yx1rvWnLK1kdTl2S3US+ed2TcQgQEqIyc0bktiTzZqi1WbWVmJZrZ6bCxrSCKug8/CrFbcE2Tr9e92XWrg+tRw=="}
Redirected to http://localhost:3000/
Completed 302 Found in 1ms (ActiveRecord: 0.0ms)


Started GET "/" for 127.0.0.1 at 2018-08-01 11:23:28 -0400
Processing by StaticPagesController#home as HTML
  Rendering static_pages/home.html.erb within layouts/application
  Rendered static_pages/home.html.erb within layouts/application (2.9ms)
  Rendered layouts/_shim.html.erb (0.7ms)
  [1m[36mUser Load (0.3ms)[0m  [1m[34mSELECT  "users".* FROM "users" WHERE "users"."id" IS NULL LIMIT ?[0m  [["LIMIT", 1]]
  ↳ app/helpers/sessions_helper.rb:10
  Rendered layouts/_header.html.erb (3.5ms)
  Rendered layouts/_footer.html.erb (0.5ms)
Completed 200 OK in 100ms (Views: 96.4ms | ActiveRecord: 0.3ms)


